Information - Microsoft.EntityFrameworkCore.Database.Command（Microsoft.EntityFrameworkCore.Database.Command.CommandExecuted） 2025/01/24 18:22:08 
Executed DbCommand (16ms) [Parameters=[], CommandType='Text', CommandTimeout='30']
SELECT CASE
    WHEN EXISTS (
        SELECT 1
        FROM [Samples] AS [s]) THEN CAST(1 AS bit)
    ELSE CAST(0 AS bit)
END
Information - Microsoft.Hosting.Lifetime（ListeningOnAddress） 2025/01/24 18:22:08 
Now listening on: http://localhost:5103
Information - Microsoft.Hosting.Lifetime（0） 2025/01/24 18:22:08 
Application started. Press Ctrl+C to shut down.
Information - Microsoft.Hosting.Lifetime（0） 2025/01/24 18:22:08 
Hosting environment: Development
Information - Microsoft.Hosting.Lifetime（0） 2025/01/24 18:22:08 
Content root path: C:\data\SelfAspNet\SelfAspNet
Information - Microsoft.Hosting.Lifetime（0） 2025/01/24 18:30:24 
Application is shutting down...
Information - Microsoft.EntityFrameworkCore.Database.Command（Microsoft.EntityFrameworkCore.Database.Command.CommandExecuted） 2025/01/24 18:30:34 
Executed DbCommand (16ms) [Parameters=[], CommandType='Text', CommandTimeout='30']
SELECT CASE
    WHEN EXISTS (
        SELECT 1
        FROM [Samples] AS [s]) THEN CAST(1 AS bit)
    ELSE CAST(0 AS bit)
END
Information - Microsoft.Hosting.Lifetime（ListeningOnAddress） 2025/01/24 18:30:34 
Now listening on: http://localhost:5103
Information - Microsoft.Hosting.Lifetime（0） 2025/01/24 18:30:34 
Application started. Press Ctrl+C to shut down.
Information - Microsoft.Hosting.Lifetime（0） 2025/01/24 18:30:34 
Hosting environment: Development
Information - Microsoft.Hosting.Lifetime（0） 2025/01/24 18:30:34 
Content root path: C:\data\SelfAspNet\SelfAspNet
Information - Microsoft.Hosting.Lifetime（0） 2025/01/24 18:30:40 
Application is shutting down...
Information - Microsoft.EntityFrameworkCore.Database.Command（Microsoft.EntityFrameworkCore.Database.Command.CommandExecuted） 2025/01/24 18:31:07 
Executed DbCommand (16ms) [Parameters=[], CommandType='Text', CommandTimeout='30']
SELECT CASE
    WHEN EXISTS (
        SELECT 1
        FROM [Samples] AS [s]) THEN CAST(1 AS bit)
    ELSE CAST(0 AS bit)
END
Information - Microsoft.Hosting.Lifetime（ListeningOnAddress） 2025/01/24 18:31:07 
Now listening on: http://localhost:5103
Information - Microsoft.Hosting.Lifetime（0） 2025/01/24 18:31:07 
Application started. Press Ctrl+C to shut down.
Information - Microsoft.Hosting.Lifetime（0） 2025/01/24 18:31:07 
Hosting environment: Development
Information - Microsoft.Hosting.Lifetime（0） 2025/01/24 18:31:07 
Content root path: C:\data\SelfAspNet\SelfAspNet
Warning - Microsoft.AspNetCore.HttpsPolicy.HttpsRedirectionMiddleware（FailedToDeterminePort） 2025/01/24 18:31:40 
Failed to determine the https port for redirect.
Information - SelfAspNet.Controllers.SamplesController（0） 2025/01/24 18:31:44 
通常の動作情報
Warning - SelfAspNet.Controllers.SamplesController（0） 2025/01/24 18:31:44 
警告：エラーではないが、潜在的な問題で対応したほうが無難
Error - SelfAspNet.Controllers.SamplesController（1001） 2025/01/24 18:31:44 
エラー：/samples→2025年01月24日
Critical - SelfAspNet.Controllers.SamplesController（0） 2025/01/24 18:31:44 
致命的な問題
Information - Microsoft.EntityFrameworkCore.Database.Command（Microsoft.EntityFrameworkCore.Database.Command.CommandExecuted） 2025/01/24 18:31:44 
Executed DbCommand (3ms) [Parameters=[], CommandType='Text', CommandTimeout='30']
SELECT COUNT(*)
FROM [Samples] AS [s]
Information - Microsoft.EntityFrameworkCore.Database.Command（Microsoft.EntityFrameworkCore.Database.Command.CommandExecuted） 2025/01/24 18:31:44 
Executed DbCommand (8ms) [Parameters=[@__p_0='?' (DbType = Int32), @__p_1='?' (DbType = Int32)], CommandType='Text', CommandTimeout='30']
SELECT [s].[Id], [s].[SubTitle], [s].[Title]
FROM [Samples] AS [s]
ORDER BY [s].[Id]
OFFSET @__p_0 ROWS FETCH NEXT @__p_1 ROWS ONLY
Information - SelfAspNet.Controllers.SamplesController（0） 2025/01/24 18:31:48 
通常の動作情報
Warning - SelfAspNet.Controllers.SamplesController（0） 2025/01/24 18:31:48 
警告：エラーではないが、潜在的な問題で対応したほうが無難
Error - SelfAspNet.Controllers.SamplesController（1001） 2025/01/24 18:31:48 
エラー：/Samples→2025年01月24日
Critical - SelfAspNet.Controllers.SamplesController（0） 2025/01/24 18:31:48 
致命的な問題
Information - Microsoft.EntityFrameworkCore.Database.Command（Microsoft.EntityFrameworkCore.Database.Command.CommandExecuted） 2025/01/24 18:31:48 
Executed DbCommand (1ms) [Parameters=[], CommandType='Text', CommandTimeout='30']
SELECT COUNT(*)
FROM [Samples] AS [s]
Information - Microsoft.EntityFrameworkCore.Database.Command（Microsoft.EntityFrameworkCore.Database.Command.CommandExecuted） 2025/01/24 18:31:48 
Executed DbCommand (2ms) [Parameters=[@__p_0='?' (DbType = Int32)], CommandType='Text', CommandTimeout='30']
SELECT [s].[Id], [s].[SubTitle], [s].[Title]
FROM [Samples] AS [s]
ORDER BY [s].[Id]
OFFSET @__p_0 ROWS FETCH NEXT @__p_0 ROWS ONLY
Information - Microsoft.EntityFrameworkCore.Database.Command（Microsoft.EntityFrameworkCore.Database.Command.CommandExecuted） 2025/01/24 18:32:57 
Executed DbCommand (6ms) [Parameters=[@p0='?' (Size = 4000), @p1='?' (Size = 4000)], CommandType='Text', CommandTimeout='30']
SET IMPLICIT_TRANSACTIONS OFF;
SET NOCOUNT ON;
INSERT INTO [Samples] ([SubTitle], [Title])
OUTPUT INSERTED.[Id]
VALUES (@p0, @p1);
Information - SelfAspNet.Controllers.SamplesController（0） 2025/01/24 18:32:57 
通常の動作情報
Warning - SelfAspNet.Controllers.SamplesController（0） 2025/01/24 18:32:57 
警告：エラーではないが、潜在的な問題で対応したほうが無難
Error - SelfAspNet.Controllers.SamplesController（1001） 2025/01/24 18:32:57 
エラー：/Samples→2025年01月24日
Critical - SelfAspNet.Controllers.SamplesController（0） 2025/01/24 18:32:57 
致命的な問題
Information - Microsoft.EntityFrameworkCore.Database.Command（Microsoft.EntityFrameworkCore.Database.Command.CommandExecuted） 2025/01/24 18:32:57 
Executed DbCommand (2ms) [Parameters=[], CommandType='Text', CommandTimeout='30']
SELECT COUNT(*)
FROM [Samples] AS [s]
Information - Microsoft.EntityFrameworkCore.Database.Command（Microsoft.EntityFrameworkCore.Database.Command.CommandExecuted） 2025/01/24 18:32:57 
Executed DbCommand (2ms) [Parameters=[@__p_0='?' (DbType = Int32), @__p_1='?' (DbType = Int32)], CommandType='Text', CommandTimeout='30']
SELECT [s].[Id], [s].[SubTitle], [s].[Title]
FROM [Samples] AS [s]
ORDER BY [s].[Id]
OFFSET @__p_0 ROWS FETCH NEXT @__p_1 ROWS ONLY
Information - SelfAspNet.Controllers.SamplesController（0） 2025/01/24 18:32:59 
通常の動作情報
Warning - SelfAspNet.Controllers.SamplesController（0） 2025/01/24 18:32:59 
警告：エラーではないが、潜在的な問題で対応したほうが無難
Error - SelfAspNet.Controllers.SamplesController（1001） 2025/01/24 18:32:59 
エラー：/Samples→2025年01月24日
Critical - SelfAspNet.Controllers.SamplesController（0） 2025/01/24 18:32:59 
致命的な問題
Information - Microsoft.EntityFrameworkCore.Database.Command（Microsoft.EntityFrameworkCore.Database.Command.CommandExecuted） 2025/01/24 18:32:59 
Executed DbCommand (1ms) [Parameters=[], CommandType='Text', CommandTimeout='30']
SELECT COUNT(*)
FROM [Samples] AS [s]
Information - Microsoft.EntityFrameworkCore.Database.Command（Microsoft.EntityFrameworkCore.Database.Command.CommandExecuted） 2025/01/24 18:32:59 
Executed DbCommand (2ms) [Parameters=[@__p_0='?' (DbType = Int32)], CommandType='Text', CommandTimeout='30']
SELECT [s].[Id], [s].[SubTitle], [s].[Title]
FROM [Samples] AS [s]
ORDER BY [s].[Id]
OFFSET @__p_0 ROWS FETCH NEXT @__p_0 ROWS ONLY
Information - SelfAspNet.Controllers.SamplesController（0） 2025/01/24 18:33:00 
通常の動作情報
Warning - SelfAspNet.Controllers.SamplesController（0） 2025/01/24 18:33:00 
警告：エラーではないが、潜在的な問題で対応したほうが無難
Error - SelfAspNet.Controllers.SamplesController（1001） 2025/01/24 18:33:00 
エラー：/Samples→2025年01月24日
Critical - SelfAspNet.Controllers.SamplesController（0） 2025/01/24 18:33:00 
致命的な問題
Information - Microsoft.EntityFrameworkCore.Database.Command（Microsoft.EntityFrameworkCore.Database.Command.CommandExecuted） 2025/01/24 18:33:00 
Executed DbCommand (2ms) [Parameters=[], CommandType='Text', CommandTimeout='30']
SELECT COUNT(*)
FROM [Samples] AS [s]
Information - Microsoft.EntityFrameworkCore.Database.Command（Microsoft.EntityFrameworkCore.Database.Command.CommandExecuted） 2025/01/24 18:33:00 
Executed DbCommand (1ms) [Parameters=[@__p_0='?' (DbType = Int32), @__p_1='?' (DbType = Int32)], CommandType='Text', CommandTimeout='30']
SELECT [s].[Id], [s].[SubTitle], [s].[Title]
FROM [Samples] AS [s]
ORDER BY [s].[Id]
OFFSET @__p_0 ROWS FETCH NEXT @__p_1 ROWS ONLY
Information - Microsoft.Hosting.Lifetime（0） 2025/01/24 18:33:50 
Application is shutting down...
