Information - Microsoft.EntityFrameworkCore.Database.Command（Microsoft.EntityFrameworkCore.Database.Command.CommandExecuted） 2025/02/03 16:05:43 
Executed DbCommand (28ms) [Parameters=[], CommandType='Text', CommandTimeout='30']
SELECT CASE
    WHEN EXISTS (
        SELECT 1
        FROM [Samples] AS [s]) THEN CAST(1 AS bit)
    ELSE CAST(0 AS bit)
END
Information - Microsoft.Hosting.Lifetime（ListeningOnAddress） 2025/02/03 16:05:43 
Now listening on: http://localhost:5103
Information - Microsoft.Hosting.Lifetime（0） 2025/02/03 16:05:43 
Application started. Press Ctrl+C to shut down.
Information - Microsoft.Hosting.Lifetime（0） 2025/02/03 16:05:43 
Hosting environment: Development
Information - Microsoft.Hosting.Lifetime（0） 2025/02/03 16:05:43 
Content root path: C:\data\SelfAspNet\SelfAspNet
Warning - Microsoft.AspNetCore.HttpsPolicy.HttpsRedirectionMiddleware（FailedToDeterminePort） 2025/02/03 16:05:43 
Failed to determine the https port for redirect.
Information - SelfAspNet.Controllers.SamplesController（0） 2025/02/03 16:05:44 
通常の動作情報
Warning - SelfAspNet.Controllers.SamplesController（0） 2025/02/03 16:05:44 
警告：エラーではないが、潜在的な問題で対応したほうが無難
Error - SelfAspNet.Controllers.SamplesController（1001） 2025/02/03 16:05:44 
エラー：/→2025年02月03日
Critical - SelfAspNet.Controllers.SamplesController（0） 2025/02/03 16:05:44 
致命的な問題
Information - Microsoft.EntityFrameworkCore.Database.Command（Microsoft.EntityFrameworkCore.Database.Command.CommandExecuted） 2025/02/03 16:05:44 
Executed DbCommand (3ms) [Parameters=[], CommandType='Text', CommandTimeout='30']
SELECT COUNT(*)
FROM [Samples] AS [s]
Information - Microsoft.EntityFrameworkCore.Database.Command（Microsoft.EntityFrameworkCore.Database.Command.CommandExecuted） 2025/02/03 16:05:44 
Executed DbCommand (13ms) [Parameters=[@__p_0='?' (DbType = Int32), @__p_1='?' (DbType = Int32)], CommandType='Text', CommandTimeout='30']
SELECT [s].[Id], [s].[SubTitle], [s].[Title]
FROM [Samples] AS [s]
ORDER BY [s].[Id]
OFFSET @__p_0 ROWS FETCH NEXT @__p_1 ROWS ONLY
Information - SelfAspNet.Controllers.SamplesController（0） 2025/02/03 16:06:20 
通常の動作情報
Warning - SelfAspNet.Controllers.SamplesController（0） 2025/02/03 16:06:20 
警告：エラーではないが、潜在的な問題で対応したほうが無難
Error - SelfAspNet.Controllers.SamplesController（1001） 2025/02/03 16:06:20 
エラー：/→2025年02月03日
Critical - SelfAspNet.Controllers.SamplesController（0） 2025/02/03 16:06:20 
致命的な問題
Information - Microsoft.EntityFrameworkCore.Database.Command（Microsoft.EntityFrameworkCore.Database.Command.CommandExecuted） 2025/02/03 16:06:20 
Executed DbCommand (1ms) [Parameters=[], CommandType='Text', CommandTimeout='30']
SELECT COUNT(*)
FROM [Samples] AS [s]
Information - Microsoft.EntityFrameworkCore.Database.Command（Microsoft.EntityFrameworkCore.Database.Command.CommandExecuted） 2025/02/03 16:06:20 
Executed DbCommand (1ms) [Parameters=[@__p_0='?' (DbType = Int32), @__p_1='?' (DbType = Int32)], CommandType='Text', CommandTimeout='30']
SELECT [s].[Id], [s].[SubTitle], [s].[Title]
FROM [Samples] AS [s]
ORDER BY [s].[Id]
OFFSET @__p_0 ROWS FETCH NEXT @__p_1 ROWS ONLY
Information - SelfAspNet.Controllers.SamplesController（0） 2025/02/03 16:06:29 
通常の動作情報
Warning - SelfAspNet.Controllers.SamplesController（0） 2025/02/03 16:06:29 
警告：エラーではないが、潜在的な問題で対応したほうが無難
Error - SelfAspNet.Controllers.SamplesController（1001） 2025/02/03 16:06:29 
エラー：/→2025年02月03日
Critical - SelfAspNet.Controllers.SamplesController（0） 2025/02/03 16:06:29 
致命的な問題
Information - Microsoft.EntityFrameworkCore.Database.Command（Microsoft.EntityFrameworkCore.Database.Command.CommandExecuted） 2025/02/03 16:06:29 
Executed DbCommand (1ms) [Parameters=[], CommandType='Text', CommandTimeout='30']
SELECT COUNT(*)
FROM [Samples] AS [s]
Information - Microsoft.EntityFrameworkCore.Database.Command（Microsoft.EntityFrameworkCore.Database.Command.CommandExecuted） 2025/02/03 16:06:29 
Executed DbCommand (1ms) [Parameters=[@__p_0='?' (DbType = Int32), @__p_1='?' (DbType = Int32)], CommandType='Text', CommandTimeout='30']
SELECT [s].[Id], [s].[SubTitle], [s].[Title]
FROM [Samples] AS [s]
ORDER BY [s].[Id]
OFFSET @__p_0 ROWS FETCH NEXT @__p_1 ROWS ONLY
Information - SelfAspNet.Controllers.SamplesController（0） 2025/02/03 16:06:39 
通常の動作情報
Warning - SelfAspNet.Controllers.SamplesController（0） 2025/02/03 16:06:39 
警告：エラーではないが、潜在的な問題で対応したほうが無難
Error - SelfAspNet.Controllers.SamplesController（1001） 2025/02/03 16:06:39 
エラー：/→2025年02月03日
Critical - SelfAspNet.Controllers.SamplesController（0） 2025/02/03 16:06:39 
致命的な問題
Information - Microsoft.EntityFrameworkCore.Database.Command（Microsoft.EntityFrameworkCore.Database.Command.CommandExecuted） 2025/02/03 16:06:39 
Executed DbCommand (2ms) [Parameters=[], CommandType='Text', CommandTimeout='30']
SELECT COUNT(*)
FROM [Samples] AS [s]
Information - Microsoft.EntityFrameworkCore.Database.Command（Microsoft.EntityFrameworkCore.Database.Command.CommandExecuted） 2025/02/03 16:06:39 
Executed DbCommand (1ms) [Parameters=[@__p_0='?' (DbType = Int32), @__p_1='?' (DbType = Int32)], CommandType='Text', CommandTimeout='30']
SELECT [s].[Id], [s].[SubTitle], [s].[Title]
FROM [Samples] AS [s]
ORDER BY [s].[Id]
OFFSET @__p_0 ROWS FETCH NEXT @__p_1 ROWS ONLY
Information - SelfAspNet.Controllers.SamplesController（0） 2025/02/03 16:06:46 
通常の動作情報
Warning - SelfAspNet.Controllers.SamplesController（0） 2025/02/03 16:06:46 
警告：エラーではないが、潜在的な問題で対応したほうが無難
Error - SelfAspNet.Controllers.SamplesController（1001） 2025/02/03 16:06:46 
エラー：/→2025年02月03日
Critical - SelfAspNet.Controllers.SamplesController（0） 2025/02/03 16:06:46 
致命的な問題
Information - Microsoft.EntityFrameworkCore.Database.Command（Microsoft.EntityFrameworkCore.Database.Command.CommandExecuted） 2025/02/03 16:06:46 
Executed DbCommand (2ms) [Parameters=[], CommandType='Text', CommandTimeout='30']
SELECT COUNT(*)
FROM [Samples] AS [s]
Information - Microsoft.EntityFrameworkCore.Database.Command（Microsoft.EntityFrameworkCore.Database.Command.CommandExecuted） 2025/02/03 16:06:46 
Executed DbCommand (1ms) [Parameters=[@__p_0='?' (DbType = Int32), @__p_1='?' (DbType = Int32)], CommandType='Text', CommandTimeout='30']
SELECT [s].[Id], [s].[SubTitle], [s].[Title]
FROM [Samples] AS [s]
ORDER BY [s].[Id]
OFFSET @__p_0 ROWS FETCH NEXT @__p_1 ROWS ONLY
Information - SelfAspNet.Controllers.SamplesController（0） 2025/02/03 16:06:46 
通常の動作情報
Warning - SelfAspNet.Controllers.SamplesController（0） 2025/02/03 16:06:46 
警告：エラーではないが、潜在的な問題で対応したほうが無難
Error - SelfAspNet.Controllers.SamplesController（1001） 2025/02/03 16:06:46 
エラー：/→2025年02月03日
Critical - SelfAspNet.Controllers.SamplesController（0） 2025/02/03 16:06:46 
致命的な問題
Information - Microsoft.EntityFrameworkCore.Database.Command（Microsoft.EntityFrameworkCore.Database.Command.CommandExecuted） 2025/02/03 16:06:46 
Executed DbCommand (1ms) [Parameters=[], CommandType='Text', CommandTimeout='30']
SELECT COUNT(*)
FROM [Samples] AS [s]
Information - Microsoft.EntityFrameworkCore.Database.Command（Microsoft.EntityFrameworkCore.Database.Command.CommandExecuted） 2025/02/03 16:06:46 
Executed DbCommand (1ms) [Parameters=[@__p_0='?' (DbType = Int32), @__p_1='?' (DbType = Int32)], CommandType='Text', CommandTimeout='30']
SELECT [s].[Id], [s].[SubTitle], [s].[Title]
FROM [Samples] AS [s]
ORDER BY [s].[Id]
OFFSET @__p_0 ROWS FETCH NEXT @__p_1 ROWS ONLY
Information - SelfAspNet.Controllers.SamplesController（0） 2/3/2025 4:07:43 PM 
通常の動作情報
Warning - SelfAspNet.Controllers.SamplesController（0） 2/3/2025 4:07:43 PM 
警告：エラーではないが、潜在的な問題で対応したほうが無難
Error - SelfAspNet.Controllers.SamplesController（1001） 2/3/2025 4:07:43 PM 
エラー：/→2025年02月03日
Critical - SelfAspNet.Controllers.SamplesController（0） 2/3/2025 4:07:43 PM 
致命的な問題
Information - Microsoft.EntityFrameworkCore.Database.Command（Microsoft.EntityFrameworkCore.Database.Command.CommandExecuted） 2/3/2025 4:07:43 PM 
Executed DbCommand (2ms) [Parameters=[], CommandType='Text', CommandTimeout='30']
SELECT COUNT(*)
FROM [Samples] AS [s]
Information - Microsoft.EntityFrameworkCore.Database.Command（Microsoft.EntityFrameworkCore.Database.Command.CommandExecuted） 2/3/2025 4:07:43 PM 
Executed DbCommand (2ms) [Parameters=[@__p_0='?' (DbType = Int32), @__p_1='?' (DbType = Int32)], CommandType='Text', CommandTimeout='30']
SELECT [s].[Id], [s].[SubTitle], [s].[Title]
FROM [Samples] AS [s]
ORDER BY [s].[Id]
OFFSET @__p_0 ROWS FETCH NEXT @__p_1 ROWS ONLY
Information - SelfAspNet.Controllers.SamplesController（0） 03.02.2025 16:07:56 
通常の動作情報
Warning - SelfAspNet.Controllers.SamplesController（0） 03.02.2025 16:07:56 
警告：エラーではないが、潜在的な問題で対応したほうが無難
Error - SelfAspNet.Controllers.SamplesController（1001） 03.02.2025 16:07:56 
エラー：/→2025年02月03日
Critical - SelfAspNet.Controllers.SamplesController（0） 03.02.2025 16:07:56 
致命的な問題
Information - Microsoft.EntityFrameworkCore.Database.Command（Microsoft.EntityFrameworkCore.Database.Command.CommandExecuted） 03.02.2025 16:07:56 
Executed DbCommand (3ms) [Parameters=[], CommandType='Text', CommandTimeout='30']
SELECT COUNT(*)
FROM [Samples] AS [s]
Information - Microsoft.EntityFrameworkCore.Database.Command（Microsoft.EntityFrameworkCore.Database.Command.CommandExecuted） 03.02.2025 16:07:56 
Executed DbCommand (1ms) [Parameters=[@__p_0='?' (DbType = Int32), @__p_1='?' (DbType = Int32)], CommandType='Text', CommandTimeout='30']
SELECT [s].[Id], [s].[SubTitle], [s].[Title]
FROM [Samples] AS [s]
ORDER BY [s].[Id]
OFFSET @__p_0 ROWS FETCH NEXT @__p_1 ROWS ONLY
Information - SelfAspNet.Controllers.SamplesController（0） 03.02.2025 16:09:47 
通常の動作情報
Warning - SelfAspNet.Controllers.SamplesController（0） 03.02.2025 16:09:47 
警告：エラーではないが、潜在的な問題で対応したほうが無難
Error - SelfAspNet.Controllers.SamplesController（1001） 03.02.2025 16:09:47 
エラー：/→2025年02月03日
Critical - SelfAspNet.Controllers.SamplesController（0） 03.02.2025 16:09:47 
致命的な問題
Information - Microsoft.EntityFrameworkCore.Database.Command（Microsoft.EntityFrameworkCore.Database.Command.CommandExecuted） 03.02.2025 16:09:47 
Executed DbCommand (1ms) [Parameters=[], CommandType='Text', CommandTimeout='30']
SELECT COUNT(*)
FROM [Samples] AS [s]
Information - Microsoft.EntityFrameworkCore.Database.Command（Microsoft.EntityFrameworkCore.Database.Command.CommandExecuted） 03.02.2025 16:09:47 
Executed DbCommand (1ms) [Parameters=[@__p_0='?' (DbType = Int32), @__p_1='?' (DbType = Int32)], CommandType='Text', CommandTimeout='30']
SELECT [s].[Id], [s].[SubTitle], [s].[Title]
FROM [Samples] AS [s]
ORDER BY [s].[Id]
OFFSET @__p_0 ROWS FETCH NEXT @__p_1 ROWS ONLY
Information - Microsoft.Hosting.Lifetime（0） 2025/02/03 16:31:19 
Application is shutting down...
Information - Microsoft.EntityFrameworkCore.Database.Command（Microsoft.EntityFrameworkCore.Database.Command.CommandExecuted） 2025/02/03 16:31:39 
Executed DbCommand (24ms) [Parameters=[], CommandType='Text', CommandTimeout='30']
SELECT CASE
    WHEN EXISTS (
        SELECT 1
        FROM [Samples] AS [s]) THEN CAST(1 AS bit)
    ELSE CAST(0 AS bit)
END
Information - Microsoft.Hosting.Lifetime（ListeningOnAddress） 2025/02/03 16:31:39 
Now listening on: http://localhost:5103
Information - Microsoft.Hosting.Lifetime（0） 2025/02/03 16:31:39 
Application started. Press Ctrl+C to shut down.
Information - Microsoft.Hosting.Lifetime（0） 2025/02/03 16:31:39 
Hosting environment: Development
Information - Microsoft.Hosting.Lifetime（0） 2025/02/03 16:31:39 
Content root path: C:\data\SelfAspNet\SelfAspNet
Warning - Microsoft.AspNetCore.HttpsPolicy.HttpsRedirectionMiddleware（FailedToDeterminePort） 2025/02/03 16:31:39 
Failed to determine the https port for redirect.
Information - SelfAspNet.Controllers.SamplesController（0） 2025/02/03 16:31:39 
通常の動作情報
Warning - SelfAspNet.Controllers.SamplesController（0） 2025/02/03 16:31:39 
警告：エラーではないが、潜在的な問題で対応したほうが無難
Error - SelfAspNet.Controllers.SamplesController（1001） 2025/02/03 16:31:39 
エラー：/→2025年02月03日
Critical - SelfAspNet.Controllers.SamplesController（0） 2025/02/03 16:31:39 
致命的な問題
Information - Microsoft.EntityFrameworkCore.Database.Command（Microsoft.EntityFrameworkCore.Database.Command.CommandExecuted） 2025/02/03 16:31:39 
Executed DbCommand (2ms) [Parameters=[], CommandType='Text', CommandTimeout='30']
SELECT COUNT(*)
FROM [Samples] AS [s]
Information - Microsoft.EntityFrameworkCore.Database.Command（Microsoft.EntityFrameworkCore.Database.Command.CommandExecuted） 2025/02/03 16:31:39 
Executed DbCommand (12ms) [Parameters=[@__p_0='?' (DbType = Int32), @__p_1='?' (DbType = Int32)], CommandType='Text', CommandTimeout='30']
SELECT [s].[Id], [s].[SubTitle], [s].[Title]
FROM [Samples] AS [s]
ORDER BY [s].[Id]
OFFSET @__p_0 ROWS FETCH NEXT @__p_1 ROWS ONLY
Information - SelfAspNet.Controllers.SamplesController（0） 2025/02/03 16:33:28 
通常の動作情報
Warning - SelfAspNet.Controllers.SamplesController（0） 2025/02/03 16:33:28 
警告：エラーではないが、潜在的な問題で対応したほうが無難
Error - SelfAspNet.Controllers.SamplesController（1001） 2025/02/03 16:33:28 
エラー：/→2025年02月03日
Critical - SelfAspNet.Controllers.SamplesController（0） 2025/02/03 16:33:28 
致命的な問題
Information - Microsoft.EntityFrameworkCore.Database.Command（Microsoft.EntityFrameworkCore.Database.Command.CommandExecuted） 2025/02/03 16:33:28 
Executed DbCommand (1ms) [Parameters=[], CommandType='Text', CommandTimeout='30']
SELECT COUNT(*)
FROM [Samples] AS [s]
Information - Microsoft.EntityFrameworkCore.Database.Command（Microsoft.EntityFrameworkCore.Database.Command.CommandExecuted） 2025/02/03 16:33:28 
Executed DbCommand (1ms) [Parameters=[@__p_0='?' (DbType = Int32), @__p_1='?' (DbType = Int32)], CommandType='Text', CommandTimeout='30']
SELECT [s].[Id], [s].[SubTitle], [s].[Title]
FROM [Samples] AS [s]
ORDER BY [s].[Id]
OFFSET @__p_0 ROWS FETCH NEXT @__p_1 ROWS ONLY
Information - Microsoft.EntityFrameworkCore.Database.Command（Microsoft.EntityFrameworkCore.Database.Command.CommandExecuted） 2025/02/03 16:48:13 
Executed DbCommand (27ms) [Parameters=[], CommandType='Text', CommandTimeout='30']
SELECT CASE
    WHEN EXISTS (
        SELECT 1
        FROM [Samples] AS [s]) THEN CAST(1 AS bit)
    ELSE CAST(0 AS bit)
END
Information - Microsoft.Hosting.Lifetime（ListeningOnAddress） 2025/02/03 16:48:13 
Now listening on: http://localhost:5103
Information - Microsoft.Hosting.Lifetime（0） 2025/02/03 16:48:13 
Application started. Press Ctrl+C to shut down.
Information - Microsoft.Hosting.Lifetime（0） 2025/02/03 16:48:13 
Hosting environment: Development
Information - Microsoft.Hosting.Lifetime（0） 2025/02/03 16:48:13 
Content root path: C:\data\SelfAspNet\SelfAspNet
Warning - Microsoft.AspNetCore.HttpsPolicy.HttpsRedirectionMiddleware（FailedToDeterminePort） 2025/02/03 16:48:13 
Failed to determine the https port for redirect.
Information - SelfAspNet.Controllers.SamplesController（0） 2025/02/03 16:48:13 
通常の動作情報
Warning - SelfAspNet.Controllers.SamplesController（0） 2025/02/03 16:48:13 
警告：エラーではないが、潜在的な問題で対応したほうが無難
Error - SelfAspNet.Controllers.SamplesController（1001） 2025/02/03 16:48:13 
エラー：/→2025年02月03日
Critical - SelfAspNet.Controllers.SamplesController（0） 2025/02/03 16:48:13 
致命的な問題
Information - Microsoft.EntityFrameworkCore.Database.Command（Microsoft.EntityFrameworkCore.Database.Command.CommandExecuted） 2025/02/03 16:48:13 
Executed DbCommand (2ms) [Parameters=[], CommandType='Text', CommandTimeout='30']
SELECT COUNT(*)
FROM [Samples] AS [s]
Information - Microsoft.EntityFrameworkCore.Database.Command（Microsoft.EntityFrameworkCore.Database.Command.CommandExecuted） 2025/02/03 16:48:13 
Executed DbCommand (8ms) [Parameters=[@__p_0='?' (DbType = Int32), @__p_1='?' (DbType = Int32)], CommandType='Text', CommandTimeout='30']
SELECT [s].[Id], [s].[SubTitle], [s].[Title]
FROM [Samples] AS [s]
ORDER BY [s].[Id]
OFFSET @__p_0 ROWS FETCH NEXT @__p_1 ROWS ONLY
Information - SelfAspNet.Controllers.SamplesController（0） 2025/02/03 16:49:27 
通常の動作情報
Information - SelfAspNet.Controllers.SamplesController（0） 2025/02/03 16:49:27 
通常の動作情報
Warning - SelfAspNet.Controllers.SamplesController（0） 2025/02/03 16:49:27 
警告：エラーではないが、潜在的な問題で対応したほうが無難
Warning - SelfAspNet.Controllers.SamplesController（0） 2025/02/03 16:49:27 
警告：エラーではないが、潜在的な問題で対応したほうが無難
Error - SelfAspNet.Controllers.SamplesController（1001） 2025/02/03 16:49:27 
エラー：/→2025年02月03日
Error - SelfAspNet.Controllers.SamplesController（1001） 2025/02/03 16:49:27 
エラー：/→2025年02月03日
Critical - SelfAspNet.Controllers.SamplesController（0） 2025/02/03 16:49:27 
致命的な問題
Critical - SelfAspNet.Controllers.SamplesController（0） 2025/02/03 16:49:27 
致命的な問題
Information - Microsoft.EntityFrameworkCore.Database.Command（Microsoft.EntityFrameworkCore.Database.Command.CommandExecuted） 2025/02/03 16:49:27 
Executed DbCommand (1ms) [Parameters=[], CommandType='Text', CommandTimeout='30']
SELECT COUNT(*)
FROM [Samples] AS [s]
Information - Microsoft.EntityFrameworkCore.Database.Command（Microsoft.EntityFrameworkCore.Database.Command.CommandExecuted） 2025/02/03 16:49:27 
Executed DbCommand (1ms) [Parameters=[@__p_0='?' (DbType = Int32), @__p_1='?' (DbType = Int32)], CommandType='Text', CommandTimeout='30']
SELECT [s].[Id], [s].[SubTitle], [s].[Title]
FROM [Samples] AS [s]
ORDER BY [s].[Id]
OFFSET @__p_0 ROWS FETCH NEXT @__p_1 ROWS ONLY
Information - Microsoft.EntityFrameworkCore.Database.Command（Microsoft.EntityFrameworkCore.Database.Command.CommandExecuted） 2025/02/03 16:49:27 
Executed DbCommand (1ms) [Parameters=[], CommandType='Text', CommandTimeout='30']
SELECT COUNT(*)
FROM [Samples] AS [s]
Information - Microsoft.EntityFrameworkCore.Database.Command（Microsoft.EntityFrameworkCore.Database.Command.CommandExecuted） 2025/02/03 16:49:27 
Executed DbCommand (1ms) [Parameters=[@__p_0='?' (DbType = Int32), @__p_1='?' (DbType = Int32)], CommandType='Text', CommandTimeout='30']
SELECT [s].[Id], [s].[SubTitle], [s].[Title]
FROM [Samples] AS [s]
ORDER BY [s].[Id]
OFFSET @__p_0 ROWS FETCH NEXT @__p_1 ROWS ONLY
Information - Microsoft.EntityFrameworkCore.Database.Command（Microsoft.EntityFrameworkCore.Database.Command.CommandExecuted） 2025/02/03 16:50:38 
Executed DbCommand (29ms) [Parameters=[], CommandType='Text', CommandTimeout='30']
SELECT CASE
    WHEN EXISTS (
        SELECT 1
        FROM [Samples] AS [s]) THEN CAST(1 AS bit)
    ELSE CAST(0 AS bit)
END
Information - Microsoft.Hosting.Lifetime（ListeningOnAddress） 2025/02/03 16:50:38 
Now listening on: http://localhost:5103
Information - Microsoft.Hosting.Lifetime（0） 2025/02/03 16:50:38 
Application started. Press Ctrl+C to shut down.
Information - Microsoft.Hosting.Lifetime（0） 2025/02/03 16:50:38 
Hosting environment: Development
Information - Microsoft.Hosting.Lifetime（0） 2025/02/03 16:50:38 
Content root path: C:\data\SelfAspNet\SelfAspNet
Warning - Microsoft.AspNetCore.HttpsPolicy.HttpsRedirectionMiddleware（FailedToDeterminePort） 2025/02/03 16:50:38 
Failed to determine the https port for redirect.
Information - SelfAspNet.Controllers.SamplesController（0） 2025/02/03 16:50:39 
通常の動作情報
Warning - SelfAspNet.Controllers.SamplesController（0） 2025/02/03 16:50:39 
警告：エラーではないが、潜在的な問題で対応したほうが無難
Error - SelfAspNet.Controllers.SamplesController（1001） 2025/02/03 16:50:39 
エラー：/→2025年02月03日
Critical - SelfAspNet.Controllers.SamplesController（0） 2025/02/03 16:50:39 
致命的な問題
Information - Microsoft.EntityFrameworkCore.Database.Command（Microsoft.EntityFrameworkCore.Database.Command.CommandExecuted） 2025/02/03 16:50:39 
Executed DbCommand (3ms) [Parameters=[], CommandType='Text', CommandTimeout='30']
SELECT COUNT(*)
FROM [Samples] AS [s]
Information - Microsoft.EntityFrameworkCore.Database.Command（Microsoft.EntityFrameworkCore.Database.Command.CommandExecuted） 2025/02/03 16:50:39 
Executed DbCommand (8ms) [Parameters=[@__p_0='?' (DbType = Int32), @__p_1='?' (DbType = Int32)], CommandType='Text', CommandTimeout='30']
SELECT [s].[Id], [s].[SubTitle], [s].[Title]
FROM [Samples] AS [s]
ORDER BY [s].[Id]
OFFSET @__p_0 ROWS FETCH NEXT @__p_1 ROWS ONLY
Information - SelfAspNet.Controllers.SamplesController（0） 2025/02/03 17:11:06 
通常の動作情報
Warning - SelfAspNet.Controllers.SamplesController（0） 2025/02/03 17:11:06 
警告：エラーではないが、潜在的な問題で対応したほうが無難
Error - SelfAspNet.Controllers.SamplesController（1001） 2025/02/03 17:11:06 
エラー：/→2025年02月03日
Critical - SelfAspNet.Controllers.SamplesController（0） 2025/02/03 17:11:06 
致命的な問題
Information - Microsoft.EntityFrameworkCore.Database.Command（Microsoft.EntityFrameworkCore.Database.Command.CommandExecuted） 2025/02/03 17:11:07 
Executed DbCommand (7ms) [Parameters=[], CommandType='Text', CommandTimeout='30']
SELECT COUNT(*)
FROM [Samples] AS [s]
Information - Microsoft.EntityFrameworkCore.Database.Command（Microsoft.EntityFrameworkCore.Database.Command.CommandExecuted） 2025/02/03 17:11:07 
Executed DbCommand (3ms) [Parameters=[@__p_0='?' (DbType = Int32), @__p_1='?' (DbType = Int32)], CommandType='Text', CommandTimeout='30']
SELECT [s].[Id], [s].[SubTitle], [s].[Title]
FROM [Samples] AS [s]
ORDER BY [s].[Id]
OFFSET @__p_0 ROWS FETCH NEXT @__p_1 ROWS ONLY
Information - Microsoft.Hosting.Lifetime（0） 2025/02/03 17:11:10 
Application is shutting down...
Information - Microsoft.EntityFrameworkCore.Database.Command（Microsoft.EntityFrameworkCore.Database.Command.CommandExecuted） 2025/02/03 17:11:23 
Executed DbCommand (26ms) [Parameters=[], CommandType='Text', CommandTimeout='30']
SELECT CASE
    WHEN EXISTS (
        SELECT 1
        FROM [Samples] AS [s]) THEN CAST(1 AS bit)
    ELSE CAST(0 AS bit)
END
Information - Microsoft.Hosting.Lifetime（ListeningOnAddress） 2025/02/03 17:11:23 
Now listening on: http://localhost:5103
Information - Microsoft.Hosting.Lifetime（0） 2025/02/03 17:11:23 
Application started. Press Ctrl+C to shut down.
Information - Microsoft.Hosting.Lifetime（0） 2025/02/03 17:11:23 
Hosting environment: Development
Information - Microsoft.Hosting.Lifetime（0） 2025/02/03 17:11:23 
Content root path: C:\data\SelfAspNet\SelfAspNet
Warning - Microsoft.AspNetCore.HttpsPolicy.HttpsRedirectionMiddleware（FailedToDeterminePort） 2025/02/03 17:11:23 
Failed to determine the https port for redirect.
Information - SelfAspNet.Controllers.SamplesController（0） 2025/02/03 17:11:23 
通常の動作情報
Warning - SelfAspNet.Controllers.SamplesController（0） 2025/02/03 17:11:23 
警告：エラーではないが、潜在的な問題で対応したほうが無難
Error - SelfAspNet.Controllers.SamplesController（1001） 2025/02/03 17:11:23 
エラー：/→2025年02月03日
Critical - SelfAspNet.Controllers.SamplesController（0） 2025/02/03 17:11:23 
致命的な問題
Information - Microsoft.EntityFrameworkCore.Database.Command（Microsoft.EntityFrameworkCore.Database.Command.CommandExecuted） 2025/02/03 17:11:23 
Executed DbCommand (2ms) [Parameters=[], CommandType='Text', CommandTimeout='30']
SELECT COUNT(*)
FROM [Samples] AS [s]
Information - Microsoft.EntityFrameworkCore.Database.Command（Microsoft.EntityFrameworkCore.Database.Command.CommandExecuted） 2025/02/03 17:11:24 
Executed DbCommand (11ms) [Parameters=[@__p_0='?' (DbType = Int32), @__p_1='?' (DbType = Int32)], CommandType='Text', CommandTimeout='30']
SELECT [s].[Id], [s].[SubTitle], [s].[Title]
FROM [Samples] AS [s]
ORDER BY [s].[Id]
OFFSET @__p_0 ROWS FETCH NEXT @__p_1 ROWS ONLY
Information - SelfAspNet.Controllers.SamplesController（0） 2/3/2025 5:11:37 PM 
通常の動作情報
Warning - SelfAspNet.Controllers.SamplesController（0） 2/3/2025 5:11:37 PM 
警告：エラーではないが、潜在的な問題で対応したほうが無難
Error - SelfAspNet.Controllers.SamplesController（1001） 2/3/2025 5:11:37 PM 
エラー：/→2025年02月03日
Critical - SelfAspNet.Controllers.SamplesController（0） 2/3/2025 5:11:37 PM 
致命的な問題
Information - Microsoft.EntityFrameworkCore.Database.Command（Microsoft.EntityFrameworkCore.Database.Command.CommandExecuted） 2/3/2025 5:11:37 PM 
Executed DbCommand (1ms) [Parameters=[], CommandType='Text', CommandTimeout='30']
SELECT COUNT(*)
FROM [Samples] AS [s]
Information - Microsoft.EntityFrameworkCore.Database.Command（Microsoft.EntityFrameworkCore.Database.Command.CommandExecuted） 2/3/2025 5:11:37 PM 
Executed DbCommand (2ms) [Parameters=[@__p_0='?' (DbType = Int32), @__p_1='?' (DbType = Int32)], CommandType='Text', CommandTimeout='30']
SELECT [s].[Id], [s].[SubTitle], [s].[Title]
FROM [Samples] AS [s]
ORDER BY [s].[Id]
OFFSET @__p_0 ROWS FETCH NEXT @__p_1 ROWS ONLY
Information - SelfAspNet.Controllers.SamplesController（0） 2/3/2025 5:12:03 PM 
通常の動作情報
Warning - SelfAspNet.Controllers.SamplesController（0） 2/3/2025 5:12:03 PM 
警告：エラーではないが、潜在的な問題で対応したほうが無難
Error - SelfAspNet.Controllers.SamplesController（1001） 2/3/2025 5:12:03 PM 
エラー：/→2025年02月03日
Critical - SelfAspNet.Controllers.SamplesController（0） 2/3/2025 5:12:03 PM 
致命的な問題
Information - Microsoft.EntityFrameworkCore.Database.Command（Microsoft.EntityFrameworkCore.Database.Command.CommandExecuted） 2/3/2025 5:12:03 PM 
Executed DbCommand (2ms) [Parameters=[], CommandType='Text', CommandTimeout='30']
SELECT COUNT(*)
FROM [Samples] AS [s]
Information - Microsoft.EntityFrameworkCore.Database.Command（Microsoft.EntityFrameworkCore.Database.Command.CommandExecuted） 2/3/2025 5:12:04 PM 
Executed DbCommand (2ms) [Parameters=[@__p_0='?' (DbType = Int32), @__p_1='?' (DbType = Int32)], CommandType='Text', CommandTimeout='30']
SELECT [s].[Id], [s].[SubTitle], [s].[Title]
FROM [Samples] AS [s]
ORDER BY [s].[Id]
OFFSET @__p_0 ROWS FETCH NEXT @__p_1 ROWS ONLY
